----------------------------Only map:--------------------------------

        1111111111111111111111111
        1000000000110000000000001
        1011000001110000000000001
        1001000000000000000000001
111111111011000001110000000000001
100000000011000001110111111111111
11110111111111011100000010001
1111011111111101110101001000
11000000110101011100000010001
100000000000000001100000010001
10000000000000001101010010001
11000001110101011111011110N0111
11110111 1110101 101111010001
11111111 1111111 111111111111
    

---------------------------------------------------------------------
----------------------------Only map:--------------------------------

        1111111111111111111111111
        1000000000110000000000001
        1011000001110000000000001
        1001000000000000000000001
111111111011000001110000000000001
100000000011000001110111111111111
11110111111111011100000010001
1111011111111101110101001000
11000000110101011100000010001
100000000000000001100000010001
10000000000000001101010010001
1100000111010101111101111020111
11110111 1110101 101111010001
11111111 1111111 111111111111
    

---------------------------------------------------------------------
----------------------------Only map:--------------------------------

        1111111111111111111111111
        1000000000110000000000001
        1011000001110000000000001
        1001000000000000000000001
111111111011000001110000000000001
100000000011000001110111111111111
11110111111111011100000010001
1111011111111101110101001000
11000000110101011100000010001
100000000000000001100000010001
10000000000000001101010010001
1100000111010101111101111022111
11110111 1110101 101111010001
11111111 1111111 111111111111
    

---------------------------------------------------------------------
----------------------------Only map:--------------------------------

        1111111111111111111111111
        1000000000110000000000001
        1011000001110000000000001
        1001000000000000000000001
111111111011000001110000000000001
100000000011000001110111111111111
11110111111111011100000010001
1111011111111101110101001000
11000000110101011100000010001
100000000000000001100000010001
10000000000000001101010010001
1100000111010101111101111022111
11110111 1110101 101111010001
11111111 1111111 111111111111
    

---------------------------------------------------------------------
----------------------------Only map:--------------------------------

        1111111111111111111111111
        1000000000110000000000001
        1011000001110000000000001
        1001000000000000000000001
111111111011000001110000000000001
100000000011000001110111111111111
11110111111111011100000010001
1111011111111101110101001000
11000000110101011100000010001
100000000000000001100000010001
10000000000000001101010010001
1100000111010101111101111022111
11110111 1110101 101111010001
11111111 1111111 111111111111
    

---------------------------------------------------------------------
----------------------------Only map:--------------------------------

        1111111111111111111111111
        1000000000110000000000001
        1011000001110000000000001
        1001000000000000000000001
111111111011000001110000000000001
100000000011000001110111111111111
11110111111111011100000010001
1111011111111101110101001000
11000000110101011100000010001
100000000000000001100000010001
10000000000000001101010010001
1100000111010101111101111022111
11110111 1110101 101111010021
11111111 1111111 111111111111
    

---------------------------------------------------------------------
----------------------------Only map:--------------------------------

        1111111111111111111111111
        1000000000110000000000001
        1011000001110000000000001
        1001000000000000000000001
111111111011000001110000000000001
100000000011000001110111111111111
11110111111111011100000010001
1111011111111101110101001000
11000000110101011100000010001
100000000000000001100000010001
10000000000000001101010010001
1100000111010101111101111022111
11110111 1110101 101111010021
11111111 1111111 111111111111
    

---------------------------------------------------------------------
----------------------------Only map:--------------------------------

        1111111111111111111111111
        1000000000110000000000001
        1011000001110000000000001
        1001000000000000000000001
111111111011000001110000000000001
100000000011000001110111111111111
11110111111111011100000010001
1111011111111101110101001000
11000000110101011100000010001
100000000000000001100000010001
10000000000000001101010010001
1100000111010101111101111022111
11110111 1110101 101111010221
11111111 1111111 111111111111
    

---------------------------------------------------------------------
----------------------------Only map:--------------------------------

        1111111111111111111111111
        1000000000110000000000001
        1011000001110000000000001
        1001000000000000000000001
111111111011000001110000000000001
100000000011000001110111111111111
11110111111111011100000010001
1111011111111101110101001000
11000000110101011100000010001
100000000000000001100000010001
10000000000000001101010010001
1100000111010101111101111022111
11110111 1110101 101111010221
11111111 1111111 111111111111
    

---------------------------------------------------------------------
----------------------------Only map:--------------------------------

        1111111111111111111111111
        1000000000110000000000001
        1011000001110000000000001
        1001000000000000000000001
111111111011000001110000000000001
100000000011000001110111111111111
11110111111111011100000010001
1111011111111101110101001000
11000000110101011100000010001
100000000000000001100000010001
10000000000000001101010010001
1100000111010101111101111022111
11110111 1110101 101111012221
11111111 1111111 111111111111
    

---------------------------------------------------------------------
----------------------------Only map:--------------------------------

        1111111111111111111111111
        1000000000110000000000001
        1011000001110000000000001
        1001000000000000000000001
111111111011000001110000000000001
100000000011000001110111111111111
11110111111111011100000010001
1111011111111101110101001000
11000000110101011100000010001
100000000000000001100000010001
10000000000000001101010010001
1100000111010101111101111022111
11110111 1110101 101111012221
11111111 1111111 111111111111
    

---------------------------------------------------------------------
----------------------------Only map:--------------------------------

        1111111111111111111111111
        1000000000110000000000001
        1011000001110000000000001
        1001000000000000000000001
111111111011000001110000000000001
100000000011000001110111111111111
11110111111111011100000010001
1111011111111101110101001000
11000000110101011100000010001
100000000000000001100000010001
10000000000000001101010010001
1100000111010101111101111022111
11110111 1110101 101111012221
11111111 1111111 111111111111
    

---------------------------------------------------------------------
----------------------------Only map:--------------------------------

        1111111111111111111111111
        1000000000110000000000001
        1011000001110000000000001
        1001000000000000000000001
111111111011000001110000000000001
100000000011000001110111111111111
11110111111111011100000010001
1111011111111101110101001000
11000000110101011100000010001
100000000000000001100000010001
10000000000000001101010010001
1100000111010101111101111022111
11110111 1110101 101111012221
11111111 1111111 111111111111
    

---------------------------------------------------------------------
----------------------------Only map:--------------------------------

        1111111111111111111111111
        1000000000110000000000001
        1011000001110000000000001
        1001000000000000000000001
111111111011000001110000000000001
100000000011000001110111111111111
11110111111111011100000010001
1111011111111101110101001000
11000000110101011100000010001
100000000000000001100000010001
10000000000000001101010010001
1100000111010101111101111222111
11110111 1110101 101111012221
11111111 1111111 111111111111
    

---------------------------------------------------------------------
----------------------------Only map:--------------------------------

        1111111111111111111111111
        1000000000110000000000001
        1011000001110000000000001
        1001000000000000000000001
111111111011000001110000000000001
100000000011000001110111111111111
11110111111111011100000010001
1111011111111101110101001000
11000000110101011100000010001
100000000000000001100000010001
10000000000000001101010010001
1100000111010101111101111222111
11110111 1110101 101111012221
11111111 1111111 111111111111
    

---------------------------------------------------------------------
----------------------------Only map:--------------------------------

        1111111111111111111111111
        1000000000110000000000001
        1011000001110000000000001
        1001000000000000000000001
111111111011000001110000000000001
100000000011000001110111111111111
11110111111111011100000010001
1111011111111101110101001000
11000000110101011100000010001
100000000000000001100000010001
10000000000000001101010010001
1100000111010101111101111222111
11110111 1110101 101111012221
11111111 1111111 111111111111
    

---------------------------------------------------------------------
----------------------------Only map:--------------------------------

        1111111111111111111111111
        1000000000110000000000001
        1011000001110000000000001
        1001000000000000000000001
111111111011000001110000000000001
100000000011000001110111111111111
11110111111111011100000010001
1111011111111101110101001000
11000000110101011100000010001
100000000000000001100000010001
10000000000000001101010010001
1100000111010101111101111222111
11110111 1110101 101111012221
11111111 1111111 111111111111
    

---------------------------------------------------------------------
----------------------------Only map:--------------------------------

        1111111111111111111111111
        1000000000110000000000001
        1011000001110000000000001
        1001000000000000000000001
111111111011000001110000000000001
100000000011000001110111111111111
11110111111111011100000010001
1111011111111101110101001000
11000000110101011100000010001
100000000000000001100000010001
10000000000000001101010012001
1100000111010101111101111222111
11110111 1110101 101111012221
11111111 1111111 111111111111
    

---------------------------------------------------------------------
----------------------------Only map:--------------------------------

        1111111111111111111111111
        1000000000110000000000001
        1011000001110000000000001
        1001000000000000000000001
111111111011000001110000000000001
100000000011000001110111111111111
11110111111111011100000010001
1111011111111101110101001000
11000000110101011100000010001
100000000000000001100000010001
10000000000000001101010012201
1100000111010101111101111222111
11110111 1110101 101111012221
11111111 1111111 111111111111
    

---------------------------------------------------------------------
----------------------------Only map:--------------------------------

        1111111111111111111111111
        1000000000110000000000001
        1011000001110000000000001
        1001000000000000000000001
111111111011000001110000000000001
100000000011000001110111111111111
11110111111111011100000010001
1111011111111101110101001000
11000000110101011100000010001
100000000000000001100000010001
10000000000000001101010012221
1100000111010101111101111222111
11110111 1110101 101111012221
11111111 1111111 111111111111
    

---------------------------------------------------------------------
----------------------------Only map:--------------------------------

        1111111111111111111111111
        1000000000110000000000001
        1011000001110000000000001
        1001000000000000000000001
111111111011000001110000000000001
100000000011000001110111111111111
11110111111111011100000010001
1111011111111101110101001000
11000000110101011100000010001
100000000000000001100000010001
10000000000000001101010012221
1100000111010101111101111222111
11110111 1110101 101111012221
11111111 1111111 111111111111
    

---------------------------------------------------------------------
----------------------------Only map:--------------------------------

        1111111111111111111111111
        1000000000110000000000001
        1011000001110000000000001
        1001000000000000000000001
111111111011000001110000000000001
100000000011000001110111111111111
11110111111111011100000010001
1111011111111101110101001000
11000000110101011100000010001
100000000000000001100000010001
10000000000000001101010012221
1100000111010101111101111222111
11110111 1110101 101111012221
11111111 1111111 111111111111
    

---------------------------------------------------------------------
----------------------------Only map:--------------------------------

        1111111111111111111111111
        1000000000110000000000001
        1011000001110000000000001
        1001000000000000000000001
111111111011000001110000000000001
100000000011000001110111111111111
11110111111111011100000010001
1111011111111101110101001000
11000000110101011100000010001
100000000000000001100000010001
10000000000000001101010012221
1100000111010101111101111222111
11110111 1110101 101111012221
11111111 1111111 111111111111
    

---------------------------------------------------------------------
----------------------------Only map:--------------------------------

        1111111111111111111111111
        1000000000110000000000001
        1011000001110000000000001
        1001000000000000000000001
111111111011000001110000000000001
100000000011000001110111111111111
11110111111111011100000010001
1111011111111101110101001000
11000000110101011100000010001
100000000000000001100000010201
10000000000000001101010012221
1100000111010101111101111222111
11110111 1110101 101111012221
11111111 1111111 111111111111
    

---------------------------------------------------------------------
----------------------------Only map:--------------------------------

        1111111111111111111111111
        1000000000110000000000001
        1011000001110000000000001
        1001000000000000000000001
111111111011000001110000000000001
100000000011000001110111111111111
11110111111111011100000010001
1111011111111101110101001000
11000000110101011100000010001
100000000000000001100000010221
10000000000000001101010012221
1100000111010101111101111222111
11110111 1110101 101111012221
11111111 1111111 111111111111
    

---------------------------------------------------------------------
----------------------------Only map:--------------------------------

        1111111111111111111111111
        1000000000110000000000001
        1011000001110000000000001
        1001000000000000000000001
111111111011000001110000000000001
100000000011000001110111111111111
11110111111111011100000010001
1111011111111101110101001000
11000000110101011100000010001
100000000000000001100000010221
10000000000000001101010012221
1100000111010101111101111222111
11110111 1110101 101111012221
11111111 1111111 111111111111
    

---------------------------------------------------------------------
----------------------------Only map:--------------------------------

        1111111111111111111111111
        1000000000110000000000001
        1011000001110000000000001
        1001000000000000000000001
111111111011000001110000000000001
100000000011000001110111111111111
11110111111111011100000010001
1111011111111101110101001000
11000000110101011100000010001
100000000000000001100000010221
10000000000000001101010012221
1100000111010101111101111222111
11110111 1110101 101111012221
11111111 1111111 111111111111
    

---------------------------------------------------------------------
----------------------------Only map:--------------------------------

        1111111111111111111111111
        1000000000110000000000001
        1011000001110000000000001
        1001000000000000000000001
111111111011000001110000000000001
100000000011000001110111111111111
11110111111111011100000010001
1111011111111101110101001000
11000000110101011100000010001
100000000000000001100000010221
10000000000000001101010012221
1100000111010101111101111222111
11110111 1110101 101111012221
11111111 1111111 111111111111
    

---------------------------------------------------------------------
----------------------------Only map:--------------------------------

        1111111111111111111111111
        1000000000110000000000001
        1011000001110000000000001
        1001000000000000000000001
111111111011000001110000000000001
100000000011000001110111111111111
11110111111111011100000010001
1111011111111101110101001000
11000000110101011100000010001
100000000000000001100000010221
10000000000000001101010012221
1100000111010101111101111222111
11110111 1110101 101111012221
11111111 1111111 111111111111
    

---------------------------------------------------------------------
----------------------------Only map:--------------------------------

        1111111111111111111111111
        1000000000110000000000001
        1011000001110000000000001
        1001000000000000000000001
111111111011000001110000000000001
100000000011000001110111111111111
11110111111111011100000010001
1111011111111101110101001000
11000000110101011100000010001
100000000000000001100000012221
10000000000000001101010012221
1100000111010101111101111222111
11110111 1110101 101111012221
11111111 1111111 111111111111
    

---------------------------------------------------------------------
----------------------------Only map:--------------------------------

        1111111111111111111111111
        1000000000110000000000001
        1011000001110000000000001
        1001000000000000000000001
111111111011000001110000000000001
100000000011000001110111111111111
11110111111111011100000010001
1111011111111101110101001000
11000000110101011100000010001
100000000000000001100000012221
10000000000000001101010012221
1100000111010101111101111222111
11110111 1110101 101111012221
11111111 1111111 111111111111
    

---------------------------------------------------------------------
----------------------------Only map:--------------------------------

        1111111111111111111111111
        1000000000110000000000001
        1011000001110000000000001
        1001000000000000000000001
111111111011000001110000000000001
100000000011000001110111111111111
11110111111111011100000010001
1111011111111101110101001000
11000000110101011100000010001
100000000000000001100000012221
10000000000000001101010012221
1100000111010101111101111222111
11110111 1110101 101111012221
11111111 1111111 111111111111
    

---------------------------------------------------------------------
----------------------------Only map:--------------------------------

        1111111111111111111111111
        1000000000110000000000001
        1011000001110000000000001
        1001000000000000000000001
111111111011000001110000000000001
100000000011000001110111111111111
11110111111111011100000010001
1111011111111101110101001000
11000000110101011100000010001
100000000000000001100000012221
10000000000000001101010012221
1100000111010101111101111222111
11110111 1110101 101111012221
11111111 1111111 111111111111
    

---------------------------------------------------------------------
----------------------------Only map:--------------------------------

        1111111111111111111111111
        1000000000110000000000001
        1011000001110000000000001
        1001000000000000000000001
111111111011000001110000000000001
100000000011000001110111111111111
11110111111111011100000010001
1111011111111101110101001000
11000000110101011100000010201
100000000000000001100000012221
10000000000000001101010012221
1100000111010101111101111222111
11110111 1110101 101111012221
11111111 1111111 111111111111
    

---------------------------------------------------------------------
----------------------------Only map:--------------------------------

        1111111111111111111111111
        1000000000110000000000001
        1011000001110000000000001
        1001000000000000000000001
111111111011000001110000000000001
100000000011000001110111111111111
11110111111111011100000010001
1111011111111